<?xml version="1.0" encoding="UTF-8"?>
<testsuite xmlns:xsi="http://www.w3.org/2001/XMLSchema-instance" xsi:noNamespaceSchemaLocation="https://maven.apache.org/surefire/maven-surefire-plugin/xsd/surefire-test-report-3.0.xsd" version="3.0" name="UsersApiTest" time="1.288" tests="2" errors="0" skipped="0" failures="0">
  <properties>
[...]
</properties>
  <testcase name="createUser_validPayload_returnsCreatedUser" classname="UsersApiTest" time="0.978"/>
  <testcase name="createUser_invalidEmail_returnsBadRequest" classname="UsersApiTest" time="0.036"/>
</testsuite>